<?xml version="1.0" encoding="UTF-8"?>
<testng-results skipped="0" failed="0" total="2" passed="2">
  <reporter-output>
  </reporter-output>
  <suite name="Default suite" duration-ms="30" started-at="2021-06-14T06:35:36Z" finished-at="2021-06-14T06:35:36Z">
    <groups>
    </groups>
    <test name="Default test" duration-ms="30" started-at="2021-06-14T06:35:36Z" finished-at="2021-06-14T06:35:36Z">
      <class name="Demo1.Dataprov">
        <test-method status="PASS" signature="f(java.lang.Integer, java.lang.String)[pri:0, instance:Demo1.Dataprov@1ff8b8f]" name="f" duration-ms="8" started-at="2021-06-14T12:05:36Z" data-provider="dp" finished-at="2021-06-14T12:05:36Z">
          <params>
            <param index="0">
              <value>
                <![CDATA[2000]]>
              </value>
            </param>
            <param index="1">
              <value>
                <![CDATA[Apple]]>
              </value>
            </param>
          </params>
          <reporter-output>
          </reporter-output>
        </test-method> <!-- f -->
        <test-method status="PASS" signature="f(java.lang.Integer, java.lang.String)[pri:0, instance:Demo1.Dataprov@1ff8b8f]" name="f" duration-ms="1" started-at="2021-06-14T12:05:36Z" data-provider="dp" finished-at="2021-06-14T12:05:36Z">
          <params>
            <param index="0">
              <value>
                <![CDATA[3000]]>
              </value>
            </param>
            <param index="1">
              <value>
                <![CDATA[Nimbus]]>
              </value>
            </param>
          </params>
          <reporter-output>
          </reporter-output>
        </test-method> <!-- f -->
      </class> <!-- Demo1.Dataprov -->
    </test> <!-- Default test -->
  </suite> <!-- Default suite -->
</testng-results>
