<?xml version="1.0" encoding="UTF-8"?>
<!-- Generated by org.testng.reporters.JUnitXMLReporter -->
<testsuite hostname="DESKTOP-1F837G5" name="Test" tests="4" failures="0" timestamp="9 Jun 2021 08:28:50 GMT" time="0.028" errors="0">
  <testcase name="testcase2" time="0.009" classname="Demo1.Demo5"/>
  <testcase name="testcase3" time="0.0" classname="Demo1.Demo5"/>
  <testcase name="testcase4" time="0.001" classname="Demo1.Demo5"/>
  <testcase name="testcase5" time="0.001" classname="Demo1.Demo5"/>
</testsuite> <!-- Test -->
